01.03.2020 13:39:59	Этот журнал содержит сведения об операции импорта схемы в проект "CompanyDB" на компьютере "LAPTOP-AL4E2RNV", выполненной пользователем "User".
01.03.2020 13:39:59	Импорт схемы базы данных начат.
01.03.2020 13:40:08	Идет сбор учетных данных для базы данных
01.03.2020 13:40:08	Идет сбор параметров базы данных
01.03.2020 13:40:08	Собирается параметр конфигурации области универсальной базы данных
01.03.2020 13:40:08	Идет сбор пользователей
01.03.2020 13:40:08	Идет сбор ролей
01.03.2020 13:40:08	Идет сбор ролей приложений
01.03.2020 13:40:08	Идет сбор членств ролей
01.03.2020 13:40:08	Идет сбор файловых групп
01.03.2020 13:40:08	Идет сбор полнотекстовых каталогов
01.03.2020 13:40:08	Идет сбор сборок
01.03.2020 13:40:08	Идет сбор сертификатов
01.03.2020 13:40:08	Идет сбор асимметричных ключей
01.03.2020 13:40:08	Идет сбор симметричных ключей
01.03.2020 13:40:08	Идет сбор зашифрованных симметричных ключей
01.03.2020 13:40:08	Идет сбор схем
01.03.2020 13:40:08	Идет сбор коллекции схем XML
01.03.2020 13:40:08	Идет сбор определяемых пользователем типов данных
01.03.2020 13:40:08	Идет сбор определяемых пользователем типов
01.03.2020 13:40:08	Идет сбор табличных типов
01.03.2020 13:40:08	Сбор уникальных ключей для табличных типов
01.03.2020 13:40:08	Идет сбор первичных ключей для табличных типов
01.03.2020 13:40:08	Сбор индексов для табличных типов
01.03.2020 13:40:08	Идет сбор проверочных ограничений для табличных типов
01.03.2020 13:40:08	Идет сбор ограничений по умолчанию для табличных типов
01.03.2020 13:40:08	Идет сбор функций секционирования
01.03.2020 13:40:08	Идет сбор схем секционирования
01.03.2020 13:40:08	Идет сбор функций
01.03.2020 13:40:08	Сбор зашифрованных функций
01.03.2020 13:40:08	Идет сбор статистических выражений
01.03.2020 13:40:08	Идет сбор процедур
01.03.2020 13:40:08	Сбор зашифрованных процедур
01.03.2020 13:40:08	Идет сбор таблиц
01.03.2020 13:40:08	Идет сбор первичных ключей
01.03.2020 13:40:08	Идет сбор ограничений уникальности
01.03.2020 13:40:08	Идет сбор внешних ключей
01.03.2020 13:40:08	Идет сбор ограничений по умолчанию
01.03.2020 13:40:08	Идет сбор проверочных ограничений
01.03.2020 13:40:08	Идет сбор представлений
01.03.2020 13:40:08	Сбор зашифрованных представлений
01.03.2020 13:40:08	Идет сбор индексов
01.03.2020 13:40:08	Идет сбор статистики
01.03.2020 13:40:08	Идет сбор списков стоп-слов полнотекстовых индексов
01.03.2020 13:40:08	Сбор списков свойств поиска
01.03.2020 13:40:08	Сбор свойств поиска
01.03.2020 13:40:08	Идет сбор полнотекстовых индексов
01.03.2020 13:40:08	Сбор индексов хранилища столбцов
01.03.2020 13:40:08	Идет сбор пространственных индексов
01.03.2020 13:40:08	Идет сбор XML-индексов
01.03.2020 13:40:08	Сбор селективных XML-индексов
01.03.2020 13:40:08	Сбор зашифрованных триггеров
01.03.2020 13:40:08	Идет сбор триггеров
01.03.2020 13:40:08	Идет сбор зашифрованных триггеров и триггеров ddl clr
01.03.2020 13:40:08	Идет сбор триггеров ddl
01.03.2020 13:40:08	Идет сбор синонимов
01.03.2020 13:40:08	Идет сбор значений по умолчанию
01.03.2020 13:40:08	Идет сбор привязок uddt ограничений данных
01.03.2020 13:40:08	Идет сбор правил
01.03.2020 13:40:08	Идет сбор привязок uddt ограничений данных
01.03.2020 13:40:08	Идет сбор типов сообщений
01.03.2020 13:40:08	Идет сбор списков ожидания
01.03.2020 13:40:08	Идет сбор контрактов
01.03.2020 13:40:08	Идет сбор служб
01.03.2020 13:40:08	Идет сбор уведомлений о событиях
01.03.2020 13:40:08	Идет сбор привязок удаленных служб
01.03.2020 13:40:08	Идет сбор приоритетов брокера
01.03.2020 13:40:08	Идет сбор подписей
01.03.2020 13:40:08	Идет сбор параметров сжатия данных
01.03.2020 13:40:08	Сбор типов последовательностей
01.03.2020 13:40:08	Идет сбор политик безопасности
01.03.2020 13:40:08	Сбор ключей шифрования столбцов
01.03.2020 13:40:08	Сбор главных ключей столбцов
01.03.2020 13:40:08	Выполняется сбор внешних источников данных
01.03.2020 13:40:08	Выполняется сбор внешних форматов файлов
01.03.2020 13:40:08	Выполняется сбор внешних таблиц
01.03.2020 13:40:08	Идет сбор расширенных свойств
01.03.2020 13:40:08	Идет сбор учетных данных
01.03.2020 13:40:08	Идет сбор имен входа
01.03.2020 13:40:08	Идет сбор аудитов сервера
01.03.2020 13:40:08	Выполняется проверка проекта на наличие повторяющихся элементов
01.03.2020 13:40:08	Обработка повторяющегося элемента завершена
01.03.2020 13:40:09	Импорт базы данных завершен.
01.03.2020 13:40:09	summary операции импорта была сохранена по следующему пути: D:\Study\2 курс\OOП\WEB API\MyProjectV3\CompanyDB\Журналы импорта схем\CompanyDB_20200301123959.log
01.03.2020 13:40:09	Для продолжения нажмите кнопку ''Готово''...
